<?xml version="1.0" encoding="UTF-8"?>
<testsuite xmlns:xsi="http://www.w3.org/2001/XMLSchema-instance" xsi:noNamespaceSchemaLocation="https://maven.apache.org/surefire/maven-surefire-plugin/xsd/surefire-test-report.xsd" name="com.statGambler.PrimitivasRepositoryIntegrationTest" time="0.16" tests="3" errors="0" skipped="0" failures="0">
  <properties>
[...]
</properties>
  <testcase name="testFindAll" classname="com.statGambler.PrimitivasRepositoryIntegrationTest" time="0"/>
  <testcase name="testSave" classname="com.statGambler.PrimitivasRepositoryIntegrationTest" time="0"/>
  <testcase name="testDelete" classname="com.statGambler.PrimitivasRepositoryIntegrationTest" time="0.001"/>
</testsuite>